[New Thread 10484.0x58ec]
[New Thread 10484.0x212c]
[New Thread 10484.0x3710]
[New Thread 10484.0x9d5c]
[New Thread 10484.0xa404]
#0  0x00007ffecdd52a41 in ntdll!DbgBreakPoint () from /cygdrive/c/WINDOWS/SYSTEM32/ntdll.dll
No symbol table info available.
#1  0x00007ffecdd8652e in ntdll!DbgUiRemoteBreakin () from /cygdrive/c/WINDOWS/SYSTEM32/ntdll.dll
No symbol table info available.
#2  0x00007ffecc99257d in KERNEL32!BaseThreadInitThunk () from /cygdrive/c/WINDOWS/System32/KERNEL32.DLL
No symbol table info available.
#3  0x00007ffecdd0aa68 in ntdll!RtlUserThreadStart () from /cygdrive/c/WINDOWS/SYSTEM32/ntdll.dll
No symbol table info available.
#4  0x0000000000000000 in ?? ()
No symbol table info available.
Backtrace stopped: previous frame inner to this frame (corrupt stack?)

Thread 6 (Thread 10484.0xa404):
#0  0x00007ffecdd52a41 in ntdll!DbgBreakPoint () from /cygdrive/c/WINDOWS/SYSTEM32/ntdll.dll
No symbol table info available.
#1  0x00007ffecdd8652e in ntdll!DbgUiRemoteBreakin () from /cygdrive/c/WINDOWS/SYSTEM32/ntdll.dll
No symbol table info available.
#2  0x00007ffecc99257d in KERNEL32!BaseThreadInitThunk () from /cygdrive/c/WINDOWS/System32/KERNEL32.DLL
No symbol table info available.
#3  0x00007ffecdd0aa68 in ntdll!RtlUserThreadStart () from /cygdrive/c/WINDOWS/SYSTEM32/ntdll.dll
No symbol table info available.
#4  0x0000000000000000 in ?? ()
No symbol table info available.
Backtrace stopped: previous frame inner to this frame (corrupt stack?)

Thread 5 (Thread 10484.0x9d5c):
#0  0x00007ffecdd4ee14 in ntdll!ZwReadFile () from /cygdrive/c/WINDOWS/SYSTEM32/ntdll.dll
No symbol table info available.
#1  0x00007ffecb3065bb in ReadFile () from /cygdrive/c/WINDOWS/System32/KERNELBASE.dll
No symbol table info available.
#2  0x00007ffe5b43e684 in dirname () from /usr/bin/cygwin1.dll
No symbol table info available.
#3  0x00007ffe5b3e4aa3 in cygwin1!.assert () from /usr/bin/cygwin1.dll
No symbol table info available.
#4  0x00007ffe5b3e5066 in cygwin1!.assert () from /usr/bin/cygwin1.dll
No symbol table info available.
#5  0x00007ffe5b3e5c86 in cygwin1!.assert () from /usr/bin/cygwin1.dll
No symbol table info available.
#6  0x00007ffe5b3e5d34 in cygwin1!.assert () from /usr/bin/cygwin1.dll
No symbol table info available.
#7  0x00007ffecc99257d in KERNEL32!BaseThreadInitThunk () from /cygdrive/c/WINDOWS/System32/KERNEL32.DLL
No symbol table info available.
#8  0x00007ffecdd0aa68 in ntdll!RtlUserThreadStart () from /cygdrive/c/WINDOWS/SYSTEM32/ntdll.dll
No symbol table info available.
#9  0x0000000000000000 in ?? ()
No symbol table info available.
Backtrace stopped: previous frame inner to this frame (corrupt stack?)

Thread 4 (Thread 10484.0x3710):
#0  0x00007ffecdd4f8a4 in ntdll!ZwWaitForMultipleObjects () from /cygdrive/c/WINDOWS/SYSTEM32/ntdll.dll
No symbol table info available.
#1  0x00007ffecb33fc89 in WaitForMultipleObjectsEx () from /cygdrive/c/WINDOWS/System32/KERNELBASE.dll
No symbol table info available.
#2  0x00007ffecb33fb8e in WaitForMultipleObjects () from /cygdrive/c/WINDOWS/System32/KERNELBASE.dll
No symbol table info available.
#3  0x00007ffe5b3e5e8a in cygwin1!.assert () from /usr/bin/cygwin1.dll
No symbol table info available.
#4  0x00007ffe5b45b27c in sched_getscheduler () from /usr/bin/cygwin1.dll
No symbol table info available.
#5  0x00007ffe5b45b698 in sched_getscheduler () from /usr/bin/cygwin1.dll
No symbol table info available.
#6  0x00007ffe5b534a6b in timegm () from /usr/bin/cygwin1.dll
No symbol table info available.
#7  0x00000001006d9180 in quad_x_motors ()
No symbol table info available.
#8  0x0000000000000000 in ?? ()
No symbol table info available.
Backtrace stopped: previous frame inner to this frame (corrupt stack?)

Thread 3 (Thread 10484.0x212c):
#0  0x00007ffecdd4f8a4 in ntdll!ZwWaitForMultipleObjects () from /cygdrive/c/WINDOWS/SYSTEM32/ntdll.dll
No symbol table info available.
#1  0x00007ffecb33fc89 in WaitForMultipleObjectsEx () from /cygdrive/c/WINDOWS/System32/KERNELBASE.dll
No symbol table info available.
#2  0x00007ffecb33fb8e in WaitForMultipleObjects () from /cygdrive/c/WINDOWS/System32/KERNELBASE.dll
No symbol table info available.
#3  0x00007ffe5b3e5e8a in cygwin1!.assert () from /usr/bin/cygwin1.dll
No symbol table info available.
#4  0x00007ffe5b45b27c in sched_getscheduler () from /usr/bin/cygwin1.dll
No symbol table info available.
#5  0x00007ffe5b45b698 in sched_getscheduler () from /usr/bin/cygwin1.dll
No symbol table info available.
#6  0x00007ffe5b534a6b in timegm () from /usr/bin/cygwin1.dll
No symbol table info available.
#7  0x00000001006d9180 in quad_x_motors ()
No symbol table info available.
#8  0x000000010071b9cd in ?? ()
No symbol table info available.
#9  0x00007ffecb6351d0 in ?? () from /cygdrive/c/WINDOWS/System32/KERNELBASE.dll
No symbol table info available.
#10 0x00007ffecdcdedbd in ntdll!SbSelectProcedure () from /cygdrive/c/WINDOWS/SYSTEM32/ntdll.dll
No symbol table info available.
#11 0x000000000043cc60 in ?? ()
No symbol table info available.
Backtrace stopped: previous frame inner to this frame (corrupt stack?)

Thread 2 (Thread 10484.0x58ec):
#0  0x00007ffecdd4ee14 in ntdll!ZwReadFile () from /cygdrive/c/WINDOWS/SYSTEM32/ntdll.dll
No symbol table info available.
#1  0x00007ffecb3065bb in ReadFile () from /cygdrive/c/WINDOWS/System32/KERNELBASE.dll
No symbol table info available.
#2  0x00007ffe5b45f311 in sigfillset () from /usr/bin/cygwin1.dll
No symbol table info available.
#3  0x00007ffe5b3e4aa3 in cygwin1!.assert () from /usr/bin/cygwin1.dll
No symbol table info available.
#4  0x00007ffe5b3e5066 in cygwin1!.assert () from /usr/bin/cygwin1.dll
No symbol table info available.
#5  0x00007ffe5b3e5c86 in cygwin1!.assert () from /usr/bin/cygwin1.dll
No symbol table info available.
#6  0x00007ffe5b3e5d34 in cygwin1!.assert () from /usr/bin/cygwin1.dll
No symbol table info available.
#7  0x00007ffecc99257d in KERNEL32!BaseThreadInitThunk () from /cygdrive/c/WINDOWS/System32/KERNEL32.DLL
No symbol table info available.
#8  0x00007ffecdd0aa68 in ntdll!RtlUserThreadStart () from /cygdrive/c/WINDOWS/SYSTEM32/ntdll.dll
No symbol table info available.
#9  0x0000000000000000 in ?? ()
No symbol table info available.
Backtrace stopped: previous frame inner to this frame (corrupt stack?)

Thread 1 (Thread 10484.0x4658):
#0  0x00007ffecdd4f8a4 in ntdll!ZwWaitForMultipleObjects () from /cygdrive/c/WINDOWS/SYSTEM32/ntdll.dll
No symbol table info available.
#1  0x00007ffecb33fc89 in WaitForMultipleObjectsEx () from /cygdrive/c/WINDOWS/System32/KERNELBASE.dll
No symbol table info available.
#2  0x00007ffecb33fb8e in WaitForMultipleObjects () from /cygdrive/c/WINDOWS/System32/KERNELBASE.dll
No symbol table info available.
#3  0x00007ffe5b3e5e8a in cygwin1!.assert () from /usr/bin/cygwin1.dll
No symbol table info available.
#4  0x00007ffe5b48c39f in cygwin1!cuserid () from /usr/bin/cygwin1.dll
No symbol table info available.
#5  0x00007ffe5b4652e1 in sigfillset () from /usr/bin/cygwin1.dll
No symbol table info available.
#6  0x00007ffe5b465e99 in sigfillset () from /usr/bin/cygwin1.dll
No symbol table info available.
#7  0x00007ffe5b466475 in sigfillset () from /usr/bin/cygwin1.dll
No symbol table info available.
#8  0x00007ffe5b473e33 in umask () from /usr/bin/cygwin1.dll
No symbol table info available.
#9  0x00007ffe5b534a6b in timegm () from /usr/bin/cygwin1.dll
No symbol table info available.
#10 0x0000000000770000 in ?? ()
No symbol table info available.
Backtrace stopped: previous frame inner to this frame (corrupt stack?)
A debugging session is active.

	Inferior 1 [process 10484] will be detached.

Quit anyway? (y or n) [answered Y; input not from terminal]
[Inferior 1 (process 10484) detached]
