[New Thread 15272.0x232c]
[New Thread 15272.0x6218]
[New Thread 15272.0x1c6c]
[New Thread 15272.0x634c]
[New Thread 15272.0x2cfc]
[New Thread 15272.0x5ee8]
[New Thread 15272.0x5868]
[New Thread 15272.0x63ac]
[New Thread 15272.0x6ae8]
[New Thread 15272.0x5840]
#0  0x00007fff854130e1 in ntdll!DbgBreakPoint () from /cygdrive/c/WINDOWS/SYSTEM32/ntdll.dll
No symbol table info available.
#1  0x00007fff85446a4e in ntdll!DbgUiRemoteBreakin () from /cygdrive/c/WINDOWS/SYSTEM32/ntdll.dll
No symbol table info available.
#2  0x00007fff8347257d in KERNEL32!BaseThreadInitThunk () from /cygdrive/c/WINDOWS/System32/KERNEL32.DLL
No symbol table info available.
#3  0x00007fff853caa78 in ntdll!RtlUserThreadStart () from /cygdrive/c/WINDOWS/SYSTEM32/ntdll.dll
No symbol table info available.
#4  0x0000000000000000 in ?? ()
No symbol table info available.
Backtrace stopped: previous frame inner to this frame (corrupt stack?)

Thread 11 (Thread 15272.0x5840):
#0  0x00007fff854130e1 in ntdll!DbgBreakPoint () from /cygdrive/c/WINDOWS/SYSTEM32/ntdll.dll
No symbol table info available.
#1  0x00007fff85446a4e in ntdll!DbgUiRemoteBreakin () from /cygdrive/c/WINDOWS/SYSTEM32/ntdll.dll
No symbol table info available.
#2  0x00007fff8347257d in KERNEL32!BaseThreadInitThunk () from /cygdrive/c/WINDOWS/System32/KERNEL32.DLL
No symbol table info available.
#3  0x00007fff853caa78 in ntdll!RtlUserThreadStart () from /cygdrive/c/WINDOWS/SYSTEM32/ntdll.dll
No symbol table info available.
#4  0x0000000000000000 in ?? ()
No symbol table info available.
Backtrace stopped: previous frame inner to this frame (corrupt stack?)

Thread 10 (Thread 15272.0x6ae8):
#0  0x00007fff8540f4b4 in ntdll!ZwReadFile () from /cygdrive/c/WINDOWS/SYSTEM32/ntdll.dll
No symbol table info available.
#1  0x00007fff82c365fb in ReadFile () from /cygdrive/c/WINDOWS/System32/KERNELBASE.dll
No symbol table info available.
#2  0x00007ffef3b4e684 in dirname () from /usr/bin/cygwin1.dll
No symbol table info available.
#3  0x00007ffef3af4aa3 in cygwin1!.assert () from /usr/bin/cygwin1.dll
No symbol table info available.
#4  0x00007ffef3af5066 in cygwin1!.assert () from /usr/bin/cygwin1.dll
No symbol table info available.
#5  0x00007ffef3af5c86 in cygwin1!.assert () from /usr/bin/cygwin1.dll
No symbol table info available.
#6  0x00007ffef3af5d34 in cygwin1!.assert () from /usr/bin/cygwin1.dll
No symbol table info available.
#7  0x00007fff8347257d in KERNEL32!BaseThreadInitThunk () from /cygdrive/c/WINDOWS/System32/KERNEL32.DLL
No symbol table info available.
#8  0x00007fff853caa78 in ntdll!RtlUserThreadStart () from /cygdrive/c/WINDOWS/SYSTEM32/ntdll.dll
No symbol table info available.
#9  0x0000000000000000 in ?? ()
No symbol table info available.
Backtrace stopped: previous frame inner to this frame (corrupt stack?)

Thread 9 (Thread 15272.0x63ac):
#0  0x00007fff85413044 in ntdll!ZwWaitForWorkViaWorkerFactory () from /cygdrive/c/WINDOWS/SYSTEM32/ntdll.dll
No symbol table info available.
#1  0x00007fff853a536e in ntdll!RtlClearThreadWorkOnBehalfTicket () from /cygdrive/c/WINDOWS/SYSTEM32/ntdll.dll
No symbol table info available.
#2  0x00007ffef3af5c86 in cygwin1!.assert () from /usr/bin/cygwin1.dll
No symbol table info available.
#3  0x00007ffef3af5d34 in cygwin1!.assert () from /usr/bin/cygwin1.dll
No symbol table info available.
#4  0x00007fff8347257d in KERNEL32!BaseThreadInitThunk () from /cygdrive/c/WINDOWS/System32/KERNEL32.DLL
No symbol table info available.
#5  0x00007fff853caa78 in ntdll!RtlUserThreadStart () from /cygdrive/c/WINDOWS/SYSTEM32/ntdll.dll
No symbol table info available.
#6  0x0000000000000000 in ?? ()
No symbol table info available.
Backtrace stopped: previous frame inner to this frame (corrupt stack?)

Thread 8 (Thread 15272.0x5868):
#0  0x00007fff85413044 in ntdll!ZwWaitForWorkViaWorkerFactory () from /cygdrive/c/WINDOWS/SYSTEM32/ntdll.dll
No symbol table info available.
#1  0x00007fff853a536e in ntdll!RtlClearThreadWorkOnBehalfTicket () from /cygdrive/c/WINDOWS/SYSTEM32/ntdll.dll
No symbol table info available.
#2  0x00007ffef3af5c86 in cygwin1!.assert () from /usr/bin/cygwin1.dll
No symbol table info available.
#3  0x00007ffef3af5d34 in cygwin1!.assert () from /usr/bin/cygwin1.dll
No symbol table info available.
#4  0x00007fff8347257d in KERNEL32!BaseThreadInitThunk () from /cygdrive/c/WINDOWS/System32/KERNEL32.DLL
No symbol table info available.
#5  0x00007fff853caa78 in ntdll!RtlUserThreadStart () from /cygdrive/c/WINDOWS/SYSTEM32/ntdll.dll
No symbol table info available.
#6  0x0000000000000000 in ?? ()
No symbol table info available.
Backtrace stopped: previous frame inner to this frame (corrupt stack?)

Thread 7 (Thread 15272.0x5ee8):
#0  0x00007fff8540ff44 in ntdll!ZwWaitForMultipleObjects () from /cygdrive/c/WINDOWS/SYSTEM32/ntdll.dll
No symbol table info available.
#1  0x00007fff82c6f969 in WaitForMultipleObjectsEx () from /cygdrive/c/WINDOWS/System32/KERNELBASE.dll
No symbol table info available.
#2  0x00007fff82c6f86e in WaitForMultipleObjects () from /cygdrive/c/WINDOWS/System32/KERNELBASE.dll
No symbol table info available.
#3  0x00007ffef3af5e8a in cygwin1!.assert () from /usr/bin/cygwin1.dll
No symbol table info available.
#4  0x00007ffef3b6b27c in sched_getscheduler () from /usr/bin/cygwin1.dll
No symbol table info available.
#5  0x00007ffef3b6b698 in sched_getscheduler () from /usr/bin/cygwin1.dll
No symbol table info available.
#6  0x00007ffef3c44a6b in timegm () from /usr/bin/cygwin1.dll
No symbol table info available.
#7  0x00000001006d9180 in quad_x_motors ()
No symbol table info available.
#8  0x0000000000000000 in ?? ()
No symbol table info available.
Backtrace stopped: previous frame inner to this frame (corrupt stack?)

Thread 6 (Thread 15272.0x2cfc):
#0  0x00007fff8540ff44 in ntdll!ZwWaitForMultipleObjects () from /cygdrive/c/WINDOWS/SYSTEM32/ntdll.dll
No symbol table info available.
#1  0x00007fff82c6f969 in WaitForMultipleObjectsEx () from /cygdrive/c/WINDOWS/System32/KERNELBASE.dll
No symbol table info available.
#2  0x00007fff82c6f86e in WaitForMultipleObjects () from /cygdrive/c/WINDOWS/System32/KERNELBASE.dll
No symbol table info available.
#3  0x00007ffef3af5e8a in cygwin1!.assert () from /usr/bin/cygwin1.dll
No symbol table info available.
#4  0x00007ffef3b6b27c in sched_getscheduler () from /usr/bin/cygwin1.dll
No symbol table info available.
#5  0x00007ffef3b6b698 in sched_getscheduler () from /usr/bin/cygwin1.dll
No symbol table info available.
#6  0x00007ffef3c44a6b in timegm () from /usr/bin/cygwin1.dll
No symbol table info available.
#7  0x00000001006d9180 in quad_x_motors ()
No symbol table info available.
#8  0x000000010071b9cd in ?? ()
No symbol table info available.
#9  0x00007fff82f661d0 in ?? () from /cygdrive/c/WINDOWS/System32/KERNELBASE.dll
No symbol table info available.
#10 0x00007fff8539edbd in ntdll!SbSelectProcedure () from /cygdrive/c/WINDOWS/SYSTEM32/ntdll.dll
No symbol table info available.
#11 0x000000000043cc60 in ?? ()
No symbol table info available.
Backtrace stopped: previous frame inner to this frame (corrupt stack?)

Thread 5 (Thread 15272.0x634c):
#0  0x00007fff8540f4b4 in ntdll!ZwReadFile () from /cygdrive/c/WINDOWS/SYSTEM32/ntdll.dll
No symbol table info available.
#1  0x00007fff82c365fb in ReadFile () from /cygdrive/c/WINDOWS/System32/KERNELBASE.dll
No symbol table info available.
#2  0x00007ffef3b6f311 in sigfillset () from /usr/bin/cygwin1.dll
No symbol table info available.
#3  0x00007ffef3af4aa3 in cygwin1!.assert () from /usr/bin/cygwin1.dll
No symbol table info available.
#4  0x00007ffef3af5066 in cygwin1!.assert () from /usr/bin/cygwin1.dll
No symbol table info available.
#5  0x00007ffef3af5c86 in cygwin1!.assert () from /usr/bin/cygwin1.dll
No symbol table info available.
#6  0x00007ffef3af5d34 in cygwin1!.assert () from /usr/bin/cygwin1.dll
No symbol table info available.
#7  0x00007fff8347257d in KERNEL32!BaseThreadInitThunk () from /cygdrive/c/WINDOWS/System32/KERNEL32.DLL
No symbol table info available.
#8  0x00007fff853caa78 in ntdll!RtlUserThreadStart () from /cygdrive/c/WINDOWS/SYSTEM32/ntdll.dll
No symbol table info available.
#9  0x0000000000000000 in ?? ()
No symbol table info available.
Backtrace stopped: previous frame inner to this frame (corrupt stack?)

Thread 4 (Thread 15272.0x1c6c):
#0  0x00007fff85413044 in ntdll!ZwWaitForWorkViaWorkerFactory () from /cygdrive/c/WINDOWS/SYSTEM32/ntdll.dll
No symbol table info available.
#1  0x00007fff853a536e in ntdll!RtlClearThreadWorkOnBehalfTicket () from /cygdrive/c/WINDOWS/SYSTEM32/ntdll.dll
No symbol table info available.
#2  0x00007fff8347257d in KERNEL32!BaseThreadInitThunk () from /cygdrive/c/WINDOWS/System32/KERNEL32.DLL
No symbol table info available.
#3  0x00007fff853caa78 in ntdll!RtlUserThreadStart () from /cygdrive/c/WINDOWS/SYSTEM32/ntdll.dll
No symbol table info available.
#4  0x0000000000000000 in ?? ()
No symbol table info available.
Backtrace stopped: previous frame inner to this frame (corrupt stack?)

Thread 3 (Thread 15272.0x6218):
#0  0x00007fff85413044 in ntdll!ZwWaitForWorkViaWorkerFactory () from /cygdrive/c/WINDOWS/SYSTEM32/ntdll.dll
No symbol table info available.
#1  0x00007fff853a536e in ntdll!RtlClearThreadWorkOnBehalfTicket () from /cygdrive/c/WINDOWS/SYSTEM32/ntdll.dll
No symbol table info available.
#2  0x00007fff8347257d in KERNEL32!BaseThreadInitThunk () from /cygdrive/c/WINDOWS/System32/KERNEL32.DLL
No symbol table info available.
#3  0x00007fff853caa78 in ntdll!RtlUserThreadStart () from /cygdrive/c/WINDOWS/SYSTEM32/ntdll.dll
No symbol table info available.
#4  0x0000000000000000 in ?? ()
No symbol table info available.
Backtrace stopped: previous frame inner to this frame (corrupt stack?)

Thread 2 (Thread 15272.0x232c):
#0  0x00007fff85413044 in ntdll!ZwWaitForWorkViaWorkerFactory () from /cygdrive/c/WINDOWS/SYSTEM32/ntdll.dll
No symbol table info available.
#1  0x00007fff853a536e in ntdll!RtlClearThreadWorkOnBehalfTicket () from /cygdrive/c/WINDOWS/SYSTEM32/ntdll.dll
No symbol table info available.
#2  0x00007fff8347257d in KERNEL32!BaseThreadInitThunk () from /cygdrive/c/WINDOWS/System32/KERNEL32.DLL
No symbol table info available.
#3  0x00007fff853caa78 in ntdll!RtlUserThreadStart () from /cygdrive/c/WINDOWS/SYSTEM32/ntdll.dll
No symbol table info available.
#4  0x0000000000000000 in ?? ()
No symbol table info available.
Backtrace stopped: previous frame inner to this frame (corrupt stack?)

Thread 1 (Thread 15272.0x5b6c):
#0  0x00007fff8540ff44 in ntdll!ZwWaitForMultipleObjects () from /cygdrive/c/WINDOWS/SYSTEM32/ntdll.dll
No symbol table info available.
#1  0x00007fff82c6f969 in WaitForMultipleObjectsEx () from /cygdrive/c/WINDOWS/System32/KERNELBASE.dll
No symbol table info available.
#2  0x00007fff82c6f86e in WaitForMultipleObjects () from /cygdrive/c/WINDOWS/System32/KERNELBASE.dll
No symbol table info available.
#3  0x00007ffef3af5e8a in cygwin1!.assert () from /usr/bin/cygwin1.dll
No symbol table info available.
#4  0x00007ffef3b9c39f in cygwin1!cuserid () from /usr/bin/cygwin1.dll
No symbol table info available.
#5  0x00007ffef3b752e1 in sigfillset () from /usr/bin/cygwin1.dll
No symbol table info available.
#6  0x00007ffef3b75e99 in sigfillset () from /usr/bin/cygwin1.dll
No symbol table info available.
#7  0x00007ffef3b76475 in sigfillset () from /usr/bin/cygwin1.dll
No symbol table info available.
#8  0x00007ffef3b83e33 in umask () from /usr/bin/cygwin1.dll
No symbol table info available.
#9  0x00007ffef3c44a6b in timegm () from /usr/bin/cygwin1.dll
No symbol table info available.
#10 0x0000000000760000 in ?? ()
No symbol table info available.
Backtrace stopped: previous frame inner to this frame (corrupt stack?)
A debugging session is active.

	Inferior 1 [process 15272] will be detached.

Quit anyway? (y or n) [answered Y; input not from terminal]
[Inferior 1 (process 15272) detached]
