[New Thread 28988.0x83a8]
[New Thread 28988.0x83c8]
[New Thread 28988.0x8398]
[New Thread 28988.0x4b74]
[New Thread 28988.0x819c]
[New Thread 28988.0x80a0]
[New Thread 28988.0x8064]
[New Thread 28988.0x8384]
[New Thread 28988.0x8390]
[New Thread 28988.0x82a8]
#0  0x00007ff832e330e1 in ntdll!DbgBreakPoint () from /cygdrive/c/WINDOWS/SYSTEM32/ntdll.dll
No symbol table info available.
#1  0x00007ff832e66a4e in ntdll!DbgUiRemoteBreakin () from /cygdrive/c/WINDOWS/SYSTEM32/ntdll.dll
No symbol table info available.
#2  0x00007ff831be257d in KERNEL32!BaseThreadInitThunk () from /cygdrive/c/WINDOWS/System32/KERNEL32.DLL
No symbol table info available.
#3  0x00007ff832deaa78 in ntdll!RtlUserThreadStart () from /cygdrive/c/WINDOWS/SYSTEM32/ntdll.dll
No symbol table info available.
#4  0x0000000000000000 in ?? ()
No symbol table info available.
Backtrace stopped: previous frame inner to this frame (corrupt stack?)

Thread 11 (Thread 28988.0x82a8):
#0  0x00007ff832e330e1 in ntdll!DbgBreakPoint () from /cygdrive/c/WINDOWS/SYSTEM32/ntdll.dll
No symbol table info available.
#1  0x00007ff832e66a4e in ntdll!DbgUiRemoteBreakin () from /cygdrive/c/WINDOWS/SYSTEM32/ntdll.dll
No symbol table info available.
#2  0x00007ff831be257d in KERNEL32!BaseThreadInitThunk () from /cygdrive/c/WINDOWS/System32/KERNEL32.DLL
No symbol table info available.
#3  0x00007ff832deaa78 in ntdll!RtlUserThreadStart () from /cygdrive/c/WINDOWS/SYSTEM32/ntdll.dll
No symbol table info available.
#4  0x0000000000000000 in ?? ()
No symbol table info available.
Backtrace stopped: previous frame inner to this frame (corrupt stack?)

Thread 10 (Thread 28988.0x8390):
#0  0x00007ff832e2f4b4 in ntdll!ZwReadFile () from /cygdrive/c/WINDOWS/SYSTEM32/ntdll.dll
No symbol table info available.
#1  0x00007ff8303c65fb in ReadFile () from /cygdrive/c/WINDOWS/System32/KERNELBASE.dll
No symbol table info available.
#2  0x00007fff9824e684 in dirname () from /usr/bin/cygwin1.dll
No symbol table info available.
#3  0x00007fff981f4aa3 in cygwin1!.assert () from /usr/bin/cygwin1.dll
No symbol table info available.
#4  0x00007fff981f5066 in cygwin1!.assert () from /usr/bin/cygwin1.dll
No symbol table info available.
#5  0x00007fff981f5c86 in cygwin1!.assert () from /usr/bin/cygwin1.dll
No symbol table info available.
#6  0x00007fff981f5d34 in cygwin1!.assert () from /usr/bin/cygwin1.dll
No symbol table info available.
#7  0x00007ff831be257d in KERNEL32!BaseThreadInitThunk () from /cygdrive/c/WINDOWS/System32/KERNEL32.DLL
No symbol table info available.
#8  0x00007ff832deaa78 in ntdll!RtlUserThreadStart () from /cygdrive/c/WINDOWS/SYSTEM32/ntdll.dll
No symbol table info available.
#9  0x0000000000000000 in ?? ()
No symbol table info available.
Backtrace stopped: previous frame inner to this frame (corrupt stack?)

Thread 9 (Thread 28988.0x8384):
#0  0x00007ff832e33044 in ntdll!ZwWaitForWorkViaWorkerFactory () from /cygdrive/c/WINDOWS/SYSTEM32/ntdll.dll
No symbol table info available.
#1  0x00007ff832dc536e in ntdll!RtlClearThreadWorkOnBehalfTicket () from /cygdrive/c/WINDOWS/SYSTEM32/ntdll.dll
No symbol table info available.
#2  0x00007fff981f5c86 in cygwin1!.assert () from /usr/bin/cygwin1.dll
No symbol table info available.
#3  0x00007fff981f5d34 in cygwin1!.assert () from /usr/bin/cygwin1.dll
No symbol table info available.
#4  0x00007ff831be257d in KERNEL32!BaseThreadInitThunk () from /cygdrive/c/WINDOWS/System32/KERNEL32.DLL
No symbol table info available.
#5  0x00007ff832deaa78 in ntdll!RtlUserThreadStart () from /cygdrive/c/WINDOWS/SYSTEM32/ntdll.dll
No symbol table info available.
#6  0x0000000000000000 in ?? ()
No symbol table info available.
Backtrace stopped: previous frame inner to this frame (corrupt stack?)

Thread 8 (Thread 28988.0x8064):
#0  0x00007ff832e33044 in ntdll!ZwWaitForWorkViaWorkerFactory () from /cygdrive/c/WINDOWS/SYSTEM32/ntdll.dll
No symbol table info available.
#1  0x00007ff832dc536e in ntdll!RtlClearThreadWorkOnBehalfTicket () from /cygdrive/c/WINDOWS/SYSTEM32/ntdll.dll
No symbol table info available.
#2  0x00007fff981f5c86 in cygwin1!.assert () from /usr/bin/cygwin1.dll
No symbol table info available.
#3  0x00007fff981f5d34 in cygwin1!.assert () from /usr/bin/cygwin1.dll
No symbol table info available.
#4  0x00007ff831be257d in KERNEL32!BaseThreadInitThunk () from /cygdrive/c/WINDOWS/System32/KERNEL32.DLL
No symbol table info available.
#5  0x00007ff832deaa78 in ntdll!RtlUserThreadStart () from /cygdrive/c/WINDOWS/SYSTEM32/ntdll.dll
No symbol table info available.
#6  0x0000000000000000 in ?? ()
No symbol table info available.
Backtrace stopped: previous frame inner to this frame (corrupt stack?)

Thread 7 (Thread 28988.0x80a0):
#0  0x00007ff832e2ff44 in ntdll!ZwWaitForMultipleObjects () from /cygdrive/c/WINDOWS/SYSTEM32/ntdll.dll
No symbol table info available.
#1  0x00007ff8303ff969 in WaitForMultipleObjectsEx () from /cygdrive/c/WINDOWS/System32/KERNELBASE.dll
No symbol table info available.
#2  0x00007ff8303ff86e in WaitForMultipleObjects () from /cygdrive/c/WINDOWS/System32/KERNELBASE.dll
No symbol table info available.
#3  0x00007fff981f5e8a in cygwin1!.assert () from /usr/bin/cygwin1.dll
No symbol table info available.
#4  0x00007fff9826b27c in sched_getscheduler () from /usr/bin/cygwin1.dll
No symbol table info available.
#5  0x00007fff9826b698 in sched_getscheduler () from /usr/bin/cygwin1.dll
No symbol table info available.
#6  0x00007fff98344a6b in timegm () from /usr/bin/cygwin1.dll
No symbol table info available.
#7  0x00000001006d9180 in quad_x_motors ()
No symbol table info available.
#8  0x0000000000000000 in ?? ()
No symbol table info available.
Backtrace stopped: previous frame inner to this frame (corrupt stack?)

Thread 6 (Thread 28988.0x819c):
#0  0x00007ff832e2ff44 in ntdll!ZwWaitForMultipleObjects () from /cygdrive/c/WINDOWS/SYSTEM32/ntdll.dll
No symbol table info available.
#1  0x00007ff8303ff969 in WaitForMultipleObjectsEx () from /cygdrive/c/WINDOWS/System32/KERNELBASE.dll
No symbol table info available.
#2  0x00007ff8303ff86e in WaitForMultipleObjects () from /cygdrive/c/WINDOWS/System32/KERNELBASE.dll
No symbol table info available.
#3  0x00007fff981f5e8a in cygwin1!.assert () from /usr/bin/cygwin1.dll
No symbol table info available.
#4  0x00007fff9826b27c in sched_getscheduler () from /usr/bin/cygwin1.dll
No symbol table info available.
#5  0x00007fff9826b698 in sched_getscheduler () from /usr/bin/cygwin1.dll
No symbol table info available.
#6  0x00007fff98344a6b in timegm () from /usr/bin/cygwin1.dll
No symbol table info available.
#7  0x00000001006d9180 in quad_x_motors ()
No symbol table info available.
#8  0x000000010071b9ed in ?? ()
No symbol table info available.
#9  0x00007ff8306f61d0 in ?? () from /cygdrive/c/WINDOWS/System32/KERNELBASE.dll
No symbol table info available.
#10 0x00007ff832dbedbd in ntdll!SbSelectProcedure () from /cygdrive/c/WINDOWS/SYSTEM32/ntdll.dll
No symbol table info available.
#11 0x000000000043cc60 in ?? ()
No symbol table info available.
Backtrace stopped: previous frame inner to this frame (corrupt stack?)

Thread 5 (Thread 28988.0x4b74):
#0  0x00007ff832e2f4b4 in ntdll!ZwReadFile () from /cygdrive/c/WINDOWS/SYSTEM32/ntdll.dll
No symbol table info available.
#1  0x00007ff8303c65fb in ReadFile () from /cygdrive/c/WINDOWS/System32/KERNELBASE.dll
No symbol table info available.
#2  0x00007fff9826f311 in sigfillset () from /usr/bin/cygwin1.dll
No symbol table info available.
#3  0x00007fff981f4aa3 in cygwin1!.assert () from /usr/bin/cygwin1.dll
No symbol table info available.
#4  0x00007fff981f5066 in cygwin1!.assert () from /usr/bin/cygwin1.dll
No symbol table info available.
#5  0x00007fff981f5c86 in cygwin1!.assert () from /usr/bin/cygwin1.dll
No symbol table info available.
#6  0x00007fff981f5d34 in cygwin1!.assert () from /usr/bin/cygwin1.dll
No symbol table info available.
#7  0x00007ff831be257d in KERNEL32!BaseThreadInitThunk () from /cygdrive/c/WINDOWS/System32/KERNEL32.DLL
No symbol table info available.
#8  0x00007ff832deaa78 in ntdll!RtlUserThreadStart () from /cygdrive/c/WINDOWS/SYSTEM32/ntdll.dll
No symbol table info available.
#9  0x0000000000000000 in ?? ()
No symbol table info available.
Backtrace stopped: previous frame inner to this frame (corrupt stack?)

Thread 4 (Thread 28988.0x8398):
#0  0x00007ff832e33044 in ntdll!ZwWaitForWorkViaWorkerFactory () from /cygdrive/c/WINDOWS/SYSTEM32/ntdll.dll
No symbol table info available.
#1  0x00007ff832dc536e in ntdll!RtlClearThreadWorkOnBehalfTicket () from /cygdrive/c/WINDOWS/SYSTEM32/ntdll.dll
No symbol table info available.
#2  0x00007ff831be257d in KERNEL32!BaseThreadInitThunk () from /cygdrive/c/WINDOWS/System32/KERNEL32.DLL
No symbol table info available.
#3  0x00007ff832deaa78 in ntdll!RtlUserThreadStart () from /cygdrive/c/WINDOWS/SYSTEM32/ntdll.dll
No symbol table info available.
#4  0x0000000000000000 in ?? ()
No symbol table info available.
Backtrace stopped: previous frame inner to this frame (corrupt stack?)

Thread 3 (Thread 28988.0x83c8):
#0  0x00007ff832e33044 in ntdll!ZwWaitForWorkViaWorkerFactory () from /cygdrive/c/WINDOWS/SYSTEM32/ntdll.dll
No symbol table info available.
#1  0x00007ff832dc536e in ntdll!RtlClearThreadWorkOnBehalfTicket () from /cygdrive/c/WINDOWS/SYSTEM32/ntdll.dll
No symbol table info available.
#2  0x00007ff831be257d in KERNEL32!BaseThreadInitThunk () from /cygdrive/c/WINDOWS/System32/KERNEL32.DLL
No symbol table info available.
#3  0x00007ff832deaa78 in ntdll!RtlUserThreadStart () from /cygdrive/c/WINDOWS/SYSTEM32/ntdll.dll
No symbol table info available.
#4  0x0000000000000000 in ?? ()
No symbol table info available.
Backtrace stopped: previous frame inner to this frame (corrupt stack?)

Thread 2 (Thread 28988.0x83a8):
#0  0x00007ff832e33044 in ntdll!ZwWaitForWorkViaWorkerFactory () from /cygdrive/c/WINDOWS/SYSTEM32/ntdll.dll
No symbol table info available.
#1  0x00007ff832dc536e in ntdll!RtlClearThreadWorkOnBehalfTicket () from /cygdrive/c/WINDOWS/SYSTEM32/ntdll.dll
No symbol table info available.
#2  0x00007ff831be257d in KERNEL32!BaseThreadInitThunk () from /cygdrive/c/WINDOWS/System32/KERNEL32.DLL
No symbol table info available.
#3  0x00007ff832deaa78 in ntdll!RtlUserThreadStart () from /cygdrive/c/WINDOWS/SYSTEM32/ntdll.dll
No symbol table info available.
#4  0x0000000000000000 in ?? ()
No symbol table info available.
Backtrace stopped: previous frame inner to this frame (corrupt stack?)

Thread 1 (Thread 28988.0x6d0c):
#0  0x00007ff832e2ff44 in ntdll!ZwWaitForMultipleObjects () from /cygdrive/c/WINDOWS/SYSTEM32/ntdll.dll
No symbol table info available.
#1  0x00007ff8303ff969 in WaitForMultipleObjectsEx () from /cygdrive/c/WINDOWS/System32/KERNELBASE.dll
No symbol table info available.
#2  0x00007ff8303ff86e in WaitForMultipleObjects () from /cygdrive/c/WINDOWS/System32/KERNELBASE.dll
No symbol table info available.
#3  0x00007fff981f5e8a in cygwin1!.assert () from /usr/bin/cygwin1.dll
No symbol table info available.
#4  0x00007fff9829c39f in cygwin1!cuserid () from /usr/bin/cygwin1.dll
No symbol table info available.
#5  0x00007fff982752e1 in sigfillset () from /usr/bin/cygwin1.dll
No symbol table info available.
#6  0x00007fff98275e99 in sigfillset () from /usr/bin/cygwin1.dll
No symbol table info available.
#7  0x00007fff98276475 in sigfillset () from /usr/bin/cygwin1.dll
No symbol table info available.
#8  0x00007fff98283e33 in umask () from /usr/bin/cygwin1.dll
No symbol table info available.
#9  0x00007fff98344a6b in timegm () from /usr/bin/cygwin1.dll
No symbol table info available.
#10 0x00000007ffffaa58 in ?? ()
No symbol table info available.
Backtrace stopped: previous frame inner to this frame (corrupt stack?)
A debugging session is active.

	Inferior 1 [process 28988] will be detached.

Quit anyway? (y or n) [answered Y; input not from terminal]
[Inferior 1 (process 28988) detached]
