[New Thread 51660.0xc4f0]
[New Thread 51660.0x6534]
[New Thread 51660.0x2120]
[New Thread 51660.0x84ec]
[New Thread 51660.0xb918]
[New Thread 51660.0xd0dc]
[New Thread 51660.0xd22c]
[New Thread 51660.0x3610]
[New Thread 51660.0xcf78]
[New Thread 51660.0xd3a0]
#0  0x00007fffd4ab2941 in ntdll!DbgBreakPoint () from /cygdrive/c/WINDOWS/SYSTEM32/ntdll.dll
No symbol table info available.
#1  0x00007fffd4ae80ce in ntdll!DbgUiRemoteBreakin () from /cygdrive/c/WINDOWS/SYSTEM32/ntdll.dll
No symbol table info available.
#2  0x00007fffd28026ad in KERNEL32!BaseThreadInitThunk () from /cygdrive/c/WINDOWS/System32/KERNEL32.DLL
No symbol table info available.
#3  0x00007fffd4a6a9f8 in ntdll!RtlUserThreadStart () from /cygdrive/c/WINDOWS/SYSTEM32/ntdll.dll
No symbol table info available.
#4  0x0000000000000000 in ?? ()
No symbol table info available.
Backtrace stopped: previous frame inner to this frame (corrupt stack?)

Thread 11 (Thread 51660.0xd3a0):
#0  0x00007fffd4ab2941 in ntdll!DbgBreakPoint () from /cygdrive/c/WINDOWS/SYSTEM32/ntdll.dll
No symbol table info available.
#1  0x00007fffd4ae80ce in ntdll!DbgUiRemoteBreakin () from /cygdrive/c/WINDOWS/SYSTEM32/ntdll.dll
No symbol table info available.
#2  0x00007fffd28026ad in KERNEL32!BaseThreadInitThunk () from /cygdrive/c/WINDOWS/System32/KERNEL32.DLL
No symbol table info available.
#3  0x00007fffd4a6a9f8 in ntdll!RtlUserThreadStart () from /cygdrive/c/WINDOWS/SYSTEM32/ntdll.dll
No symbol table info available.
#4  0x0000000000000000 in ?? ()
No symbol table info available.
Backtrace stopped: previous frame inner to this frame (corrupt stack?)

Thread 10 (Thread 51660.0xcf78):
#0  0x00007fffd4aaed14 in ntdll!ZwReadFile () from /cygdrive/c/WINDOWS/SYSTEM32/ntdll.dll
No symbol table info available.
#1  0x00007fffd2096e4b in ReadFile () from /cygdrive/c/WINDOWS/System32/KERNELBASE.dll
No symbol table info available.
#2  0x00007fff7661e684 in dirname () from /usr/bin/cygwin1.dll
No symbol table info available.
#3  0x00007fff765c4aa3 in cygwin1!.assert () from /usr/bin/cygwin1.dll
No symbol table info available.
#4  0x00007fff765c5066 in cygwin1!.assert () from /usr/bin/cygwin1.dll
No symbol table info available.
#5  0x00007fff765c5c86 in cygwin1!.assert () from /usr/bin/cygwin1.dll
No symbol table info available.
#6  0x00007fff765c5d34 in cygwin1!.assert () from /usr/bin/cygwin1.dll
No symbol table info available.
#7  0x00007fffd28026ad in KERNEL32!BaseThreadInitThunk () from /cygdrive/c/WINDOWS/System32/KERNEL32.DLL
No symbol table info available.
#8  0x00007fffd4a6a9f8 in ntdll!RtlUserThreadStart () from /cygdrive/c/WINDOWS/SYSTEM32/ntdll.dll
No symbol table info available.
#9  0x0000000000000000 in ?? ()
No symbol table info available.
Backtrace stopped: previous frame inner to this frame (corrupt stack?)

Thread 9 (Thread 51660.0x3610):
#0  0x00007fffd4ab28a4 in ntdll!ZwWaitForWorkViaWorkerFactory () from /cygdrive/c/WINDOWS/SYSTEM32/ntdll.dll
No symbol table info available.
#1  0x00007fffd4a4536e in ntdll!RtlClearThreadWorkOnBehalfTicket () from /cygdrive/c/WINDOWS/SYSTEM32/ntdll.dll
No symbol table info available.
#2  0x00007fff765c5c86 in cygwin1!.assert () from /usr/bin/cygwin1.dll
No symbol table info available.
#3  0x00007fff765c5d34 in cygwin1!.assert () from /usr/bin/cygwin1.dll
No symbol table info available.
#4  0x00007fffd28026ad in KERNEL32!BaseThreadInitThunk () from /cygdrive/c/WINDOWS/System32/KERNEL32.DLL
No symbol table info available.
#5  0x00007fffd4a6a9f8 in ntdll!RtlUserThreadStart () from /cygdrive/c/WINDOWS/SYSTEM32/ntdll.dll
No symbol table info available.
#6  0x0000000000000000 in ?? ()
No symbol table info available.
Backtrace stopped: previous frame inner to this frame (corrupt stack?)

Thread 8 (Thread 51660.0xd22c):
#0  0x00007fffd4ab28a4 in ntdll!ZwWaitForWorkViaWorkerFactory () from /cygdrive/c/WINDOWS/SYSTEM32/ntdll.dll
No symbol table info available.
#1  0x00007fffd4a4536e in ntdll!RtlClearThreadWorkOnBehalfTicket () from /cygdrive/c/WINDOWS/SYSTEM32/ntdll.dll
No symbol table info available.
#2  0x00007fff765c5c86 in cygwin1!.assert () from /usr/bin/cygwin1.dll
No symbol table info available.
#3  0x00007fff765c5d34 in cygwin1!.assert () from /usr/bin/cygwin1.dll
No symbol table info available.
#4  0x00007fffd28026ad in KERNEL32!BaseThreadInitThunk () from /cygdrive/c/WINDOWS/System32/KERNEL32.DLL
No symbol table info available.
#5  0x00007fffd4a6a9f8 in ntdll!RtlUserThreadStart () from /cygdrive/c/WINDOWS/SYSTEM32/ntdll.dll
No symbol table info available.
#6  0x0000000000000000 in ?? ()
No symbol table info available.
Backtrace stopped: previous frame inner to this frame (corrupt stack?)

Thread 7 (Thread 51660.0xd0dc):
#0  0x00007fffd4aaf354 in ntdll!ZwQueryTimer () from /cygdrive/c/WINDOWS/SYSTEM32/ntdll.dll
No symbol table info available.
#1  0x00007fff765c5f3a in cygwin1!.assert () from /usr/bin/cygwin1.dll
No symbol table info available.
#2  0x00007fff7663b27c in sched_getscheduler () from /usr/bin/cygwin1.dll
No symbol table info available.
#3  0x00007fff7663b698 in sched_getscheduler () from /usr/bin/cygwin1.dll
No symbol table info available.
#4  0x00007fff76714a6b in timegm () from /usr/bin/cygwin1.dll
No symbol table info available.
#5  0x00000001006d8180 in quad_x_motors ()
No symbol table info available.
#6  0x0000000000000000 in ?? ()
No symbol table info available.
Backtrace stopped: previous frame inner to this frame (corrupt stack?)

Thread 6 (Thread 51660.0xb918):
#0  0x00007fffd4aaf7a4 in ntdll!ZwWaitForMultipleObjects () from /cygdrive/c/WINDOWS/SYSTEM32/ntdll.dll
No symbol table info available.
#1  0x00007fffd20cfcf9 in WaitForMultipleObjectsEx () from /cygdrive/c/WINDOWS/System32/KERNELBASE.dll
No symbol table info available.
#2  0x00007fffd20cfbfe in WaitForMultipleObjects () from /cygdrive/c/WINDOWS/System32/KERNELBASE.dll
No symbol table info available.
#3  0x00007fff765c5e8a in cygwin1!.assert () from /usr/bin/cygwin1.dll
No symbol table info available.
#4  0x00007fff7663b27c in sched_getscheduler () from /usr/bin/cygwin1.dll
No symbol table info available.
#5  0x00007fff7663b698 in sched_getscheduler () from /usr/bin/cygwin1.dll
No symbol table info available.
#6  0x00007fff76714a6b in timegm () from /usr/bin/cygwin1.dll
No symbol table info available.
#7  0x00000001006d8180 in quad_x_motors ()
No symbol table info available.
#8  0x000000010071a9cd in ?? ()
No symbol table info available.
#9  0x00007fffd23c41d0 in ?? () from /cygdrive/c/WINDOWS/System32/KERNELBASE.dll
No symbol table info available.
#10 0x00007fffd4a3edbd in ntdll!SbSelectProcedure () from /cygdrive/c/WINDOWS/SYSTEM32/ntdll.dll
No symbol table info available.
#11 0x000000000043cc60 in ?? ()
No symbol table info available.
Backtrace stopped: previous frame inner to this frame (corrupt stack?)

Thread 5 (Thread 51660.0x84ec):
#0  0x00007fffd4aaed14 in ntdll!ZwReadFile () from /cygdrive/c/WINDOWS/SYSTEM32/ntdll.dll
No symbol table info available.
#1  0x00007fffd2096e4b in ReadFile () from /cygdrive/c/WINDOWS/System32/KERNELBASE.dll
No symbol table info available.
#2  0x00007fff7663f311 in sigfillset () from /usr/bin/cygwin1.dll
No symbol table info available.
#3  0x00007fff765c4aa3 in cygwin1!.assert () from /usr/bin/cygwin1.dll
No symbol table info available.
#4  0x00007fff765c5066 in cygwin1!.assert () from /usr/bin/cygwin1.dll
No symbol table info available.
#5  0x00007fff765c5c86 in cygwin1!.assert () from /usr/bin/cygwin1.dll
No symbol table info available.
#6  0x00007fff765c5d34 in cygwin1!.assert () from /usr/bin/cygwin1.dll
No symbol table info available.
#7  0x00007fffd28026ad in KERNEL32!BaseThreadInitThunk () from /cygdrive/c/WINDOWS/System32/KERNEL32.DLL
No symbol table info available.
#8  0x00007fffd4a6a9f8 in ntdll!RtlUserThreadStart () from /cygdrive/c/WINDOWS/SYSTEM32/ntdll.dll
No symbol table info available.
#9  0x0000000000000000 in ?? ()
No symbol table info available.
Backtrace stopped: previous frame inner to this frame (corrupt stack?)

Thread 4 (Thread 51660.0x2120):
#0  0x00007fffd4ab28a4 in ntdll!ZwWaitForWorkViaWorkerFactory () from /cygdrive/c/WINDOWS/SYSTEM32/ntdll.dll
No symbol table info available.
#1  0x00007fffd4a4536e in ntdll!RtlClearThreadWorkOnBehalfTicket () from /cygdrive/c/WINDOWS/SYSTEM32/ntdll.dll
No symbol table info available.
#2  0x00007fffd28026ad in KERNEL32!BaseThreadInitThunk () from /cygdrive/c/WINDOWS/System32/KERNEL32.DLL
No symbol table info available.
#3  0x00007fffd4a6a9f8 in ntdll!RtlUserThreadStart () from /cygdrive/c/WINDOWS/SYSTEM32/ntdll.dll
No symbol table info available.
#4  0x0000000000000000 in ?? ()
No symbol table info available.
Backtrace stopped: previous frame inner to this frame (corrupt stack?)

Thread 3 (Thread 51660.0x6534):
#0  0x00007fffd4ab28a4 in ntdll!ZwWaitForWorkViaWorkerFactory () from /cygdrive/c/WINDOWS/SYSTEM32/ntdll.dll
No symbol table info available.
#1  0x00007fffd4a4536e in ntdll!RtlClearThreadWorkOnBehalfTicket () from /cygdrive/c/WINDOWS/SYSTEM32/ntdll.dll
No symbol table info available.
#2  0x00007fffd28026ad in KERNEL32!BaseThreadInitThunk () from /cygdrive/c/WINDOWS/System32/KERNEL32.DLL
No symbol table info available.
#3  0x00007fffd4a6a9f8 in ntdll!RtlUserThreadStart () from /cygdrive/c/WINDOWS/SYSTEM32/ntdll.dll
No symbol table info available.
#4  0x0000000000000000 in ?? ()
No symbol table info available.
Backtrace stopped: previous frame inner to this frame (corrupt stack?)

Thread 2 (Thread 51660.0xc4f0):
#0  0x00007fffd4ab28a4 in ntdll!ZwWaitForWorkViaWorkerFactory () from /cygdrive/c/WINDOWS/SYSTEM32/ntdll.dll
No symbol table info available.
#1  0x00007fffd4a4536e in ntdll!RtlClearThreadWorkOnBehalfTicket () from /cygdrive/c/WINDOWS/SYSTEM32/ntdll.dll
No symbol table info available.
#2  0x00007fffd28026ad in KERNEL32!BaseThreadInitThunk () from /cygdrive/c/WINDOWS/System32/KERNEL32.DLL
No symbol table info available.
#3  0x00007fffd4a6a9f8 in ntdll!RtlUserThreadStart () from /cygdrive/c/WINDOWS/SYSTEM32/ntdll.dll
No symbol table info available.
#4  0x0000000000000000 in ?? ()
No symbol table info available.
Backtrace stopped: previous frame inner to this frame (corrupt stack?)

Thread 1 (Thread 51660.0xd250):
#0  0x00007fffd4aaf7a4 in ntdll!ZwWaitForMultipleObjects () from /cygdrive/c/WINDOWS/SYSTEM32/ntdll.dll
No symbol table info available.
#1  0x00007fffd20cfcf9 in WaitForMultipleObjectsEx () from /cygdrive/c/WINDOWS/System32/KERNELBASE.dll
No symbol table info available.
#2  0x00007fffd20cfbfe in WaitForMultipleObjects () from /cygdrive/c/WINDOWS/System32/KERNELBASE.dll
No symbol table info available.
#3  0x00007fff765c5e8a in cygwin1!.assert () from /usr/bin/cygwin1.dll
No symbol table info available.
#4  0x00007fff7666c39f in cygwin1!cuserid () from /usr/bin/cygwin1.dll
No symbol table info available.
#5  0x00007fff766452e1 in sigfillset () from /usr/bin/cygwin1.dll
No symbol table info available.
#6  0x00007fff76645e99 in sigfillset () from /usr/bin/cygwin1.dll
No symbol table info available.
#7  0x00007fff76646475 in sigfillset () from /usr/bin/cygwin1.dll
No symbol table info available.
#8  0x00007fff76653e33 in umask () from /usr/bin/cygwin1.dll
No symbol table info available.
#9  0x00007fff76714a6b in timegm () from /usr/bin/cygwin1.dll
No symbol table info available.
#10 0x0000000000000000 in ?? ()
No symbol table info available.
Backtrace stopped: previous frame inner to this frame (corrupt stack?)
A debugging session is active.

	Inferior 1 [process 51660] will be detached.

Quit anyway? (y or n) [answered Y; input not from terminal]
[Inferior 1 (process 51660) detached]
