[New Thread 17692.0x50e8]
[New Thread 17692.0x26bc]
[New Thread 17692.0xf24]
[New Thread 17692.0x2fdc]
[New Thread 17692.0xaec]
[New Thread 17692.0x2180]
[New Thread 17692.0x30d8]
#0  0x00007ff8fb613061 in ntdll!DbgBreakPoint () from /cygdrive/c/WINDOWS/SYSTEM32/ntdll.dll
No symbol table info available.
#1  0x00007ff8fb6469ae in ntdll!DbgUiRemoteBreakin () from /cygdrive/c/WINDOWS/SYSTEM32/ntdll.dll
No symbol table info available.
#2  0x00007ff8fa68257d in KERNEL32!BaseThreadInitThunk () from /cygdrive/c/WINDOWS/System32/KERNEL32.DLL
No symbol table info available.
#3  0x00007ff8fb5caa58 in ntdll!RtlUserThreadStart () from /cygdrive/c/WINDOWS/SYSTEM32/ntdll.dll
No symbol table info available.
#4  0x0000000000000000 in ?? ()
No symbol table info available.
Backtrace stopped: previous frame inner to this frame (corrupt stack?)

Thread 8 (Thread 17692.0x30d8):
#0  0x00007ff8fb613061 in ntdll!DbgBreakPoint () from /cygdrive/c/WINDOWS/SYSTEM32/ntdll.dll
No symbol table info available.
#1  0x00007ff8fb6469ae in ntdll!DbgUiRemoteBreakin () from /cygdrive/c/WINDOWS/SYSTEM32/ntdll.dll
No symbol table info available.
#2  0x00007ff8fa68257d in KERNEL32!BaseThreadInitThunk () from /cygdrive/c/WINDOWS/System32/KERNEL32.DLL
No symbol table info available.
#3  0x00007ff8fb5caa58 in ntdll!RtlUserThreadStart () from /cygdrive/c/WINDOWS/SYSTEM32/ntdll.dll
No symbol table info available.
#4  0x0000000000000000 in ?? ()
No symbol table info available.
Backtrace stopped: previous frame inner to this frame (corrupt stack?)

Thread 7 (Thread 17692.0x2180):
#0  0x00007ff8fb60f434 in ntdll!ZwReadFile () from /cygdrive/c/WINDOWS/SYSTEM32/ntdll.dll
No symbol table info available.
#1  0x00007ff8f8f36b2b in ReadFile () from /cygdrive/c/WINDOWS/System32/KERNELBASE.dll
No symbol table info available.
#2  0x00007ff89221e6d4 in dirname () from /usr/bin/cygwin1.dll
No symbol table info available.
#3  0x00007ff8921c4aa3 in cygwin1!.assert () from /usr/bin/cygwin1.dll
No symbol table info available.
#4  0x00007ff8921c5066 in cygwin1!.assert () from /usr/bin/cygwin1.dll
No symbol table info available.
#5  0x00007ff8921c5c86 in cygwin1!.assert () from /usr/bin/cygwin1.dll
No symbol table info available.
#6  0x00007ff8921c5d34 in cygwin1!.assert () from /usr/bin/cygwin1.dll
No symbol table info available.
#7  0x00007ff8fa68257d in KERNEL32!BaseThreadInitThunk () from /cygdrive/c/WINDOWS/System32/KERNEL32.DLL
No symbol table info available.
#8  0x00007ff8fb5caa58 in ntdll!RtlUserThreadStart () from /cygdrive/c/WINDOWS/SYSTEM32/ntdll.dll
No symbol table info available.
#9  0x0000000000000000 in ?? ()
No symbol table info available.
Backtrace stopped: previous frame inner to this frame (corrupt stack?)

Thread 6 (Thread 17692.0xaec):
#0  0x00007ff8fb612fc4 in ntdll!ZwWaitForWorkViaWorkerFactory () from /cygdrive/c/WINDOWS/SYSTEM32/ntdll.dll
No symbol table info available.
#1  0x00007ff8fb5a537e in ntdll!RtlClearThreadWorkOnBehalfTicket () from /cygdrive/c/WINDOWS/SYSTEM32/ntdll.dll
No symbol table info available.
#2  0x00007ff8921c5c86 in cygwin1!.assert () from /usr/bin/cygwin1.dll
No symbol table info available.
#3  0x00007ff8921c5d34 in cygwin1!.assert () from /usr/bin/cygwin1.dll
No symbol table info available.
#4  0x00007ff8fa68257d in KERNEL32!BaseThreadInitThunk () from /cygdrive/c/WINDOWS/System32/KERNEL32.DLL
No symbol table info available.
#5  0x00007ff8fb5caa58 in ntdll!RtlUserThreadStart () from /cygdrive/c/WINDOWS/SYSTEM32/ntdll.dll
No symbol table info available.
#6  0x0000000000000000 in ?? ()
No symbol table info available.
Backtrace stopped: previous frame inner to this frame (corrupt stack?)

Thread 5 (Thread 17692.0x2fdc):
#0  0x00007ff8fb612fc4 in ntdll!ZwWaitForWorkViaWorkerFactory () from /cygdrive/c/WINDOWS/SYSTEM32/ntdll.dll
No symbol table info available.
#1  0x00007ff8fb5a537e in ntdll!RtlClearThreadWorkOnBehalfTicket () from /cygdrive/c/WINDOWS/SYSTEM32/ntdll.dll
No symbol table info available.
#2  0x00007ff8921c5c86 in cygwin1!.assert () from /usr/bin/cygwin1.dll
No symbol table info available.
#3  0x00007ff8921c5d34 in cygwin1!.assert () from /usr/bin/cygwin1.dll
No symbol table info available.
#4  0x00007ff8fa68257d in KERNEL32!BaseThreadInitThunk () from /cygdrive/c/WINDOWS/System32/KERNEL32.DLL
No symbol table info available.
#5  0x00007ff8fb5caa58 in ntdll!RtlUserThreadStart () from /cygdrive/c/WINDOWS/SYSTEM32/ntdll.dll
No symbol table info available.
#6  0x0000000000000000 in ?? ()
No symbol table info available.
Backtrace stopped: previous frame inner to this frame (corrupt stack?)

Thread 4 (Thread 17692.0xf24):
#0  0x00007ff8fb60fec4 in ntdll!ZwWaitForMultipleObjects () from /cygdrive/c/WINDOWS/SYSTEM32/ntdll.dll
No symbol table info available.
#1  0x00007ff8f8f6ffc9 in WaitForMultipleObjectsEx () from /cygdrive/c/WINDOWS/System32/KERNELBASE.dll
No symbol table info available.
#2  0x00007ff8f8f6fece in WaitForMultipleObjects () from /cygdrive/c/WINDOWS/System32/KERNELBASE.dll
No symbol table info available.
#3  0x00007ff8921c5e8a in cygwin1!.assert () from /usr/bin/cygwin1.dll
No symbol table info available.
#4  0x00007ff89223b2cc in sched_getscheduler () from /usr/bin/cygwin1.dll
No symbol table info available.
#5  0x00007ff89223b6e8 in sched_getscheduler () from /usr/bin/cygwin1.dll
No symbol table info available.
#6  0x00007ff892314a0b in timegm () from /usr/bin/cygwin1.dll
No symbol table info available.
#7  0x00000001006d9180 in quad_x_motors ()
No symbol table info available.
#8  0x0000000000000000 in ?? ()
No symbol table info available.
Backtrace stopped: previous frame inner to this frame (corrupt stack?)

Thread 3 (Thread 17692.0x26bc):
#0  0x00007ff8fb60fec4 in ntdll!ZwWaitForMultipleObjects () from /cygdrive/c/WINDOWS/SYSTEM32/ntdll.dll
No symbol table info available.
#1  0x00007ff8f8f6ffc9 in WaitForMultipleObjectsEx () from /cygdrive/c/WINDOWS/System32/KERNELBASE.dll
No symbol table info available.
#2  0x00007ff8f8f6fece in WaitForMultipleObjects () from /cygdrive/c/WINDOWS/System32/KERNELBASE.dll
No symbol table info available.
#3  0x00007ff8921c5e8a in cygwin1!.assert () from /usr/bin/cygwin1.dll
No symbol table info available.
#4  0x00007ff89223b2cc in sched_getscheduler () from /usr/bin/cygwin1.dll
No symbol table info available.
#5  0x00007ff89223b6e8 in sched_getscheduler () from /usr/bin/cygwin1.dll
No symbol table info available.
#6  0x00007ff892314a0b in timegm () from /usr/bin/cygwin1.dll
No symbol table info available.
#7  0x00000001006d9180 in quad_x_motors ()
No symbol table info available.
#8  0x000000010071b9dd in ?? ()
No symbol table info available.
#9  0x00007ff8f92661d0 in ?? () from /cygdrive/c/WINDOWS/System32/KERNELBASE.dll
No symbol table info available.
#10 0x00007ff8fb59edcd in ntdll!SbSelectProcedure () from /cygdrive/c/WINDOWS/SYSTEM32/ntdll.dll
No symbol table info available.
#11 0x000000000043cc60 in ?? ()
No symbol table info available.
Backtrace stopped: previous frame inner to this frame (corrupt stack?)

Thread 2 (Thread 17692.0x50e8):
#0  0x00007ff8fb60f434 in ntdll!ZwReadFile () from /cygdrive/c/WINDOWS/SYSTEM32/ntdll.dll
No symbol table info available.
#1  0x00007ff8f8f36b2b in ReadFile () from /cygdrive/c/WINDOWS/System32/KERNELBASE.dll
No symbol table info available.
#2  0x00007ff89223f361 in sigfillset () from /usr/bin/cygwin1.dll
No symbol table info available.
#3  0x00007ff8921c4aa3 in cygwin1!.assert () from /usr/bin/cygwin1.dll
No symbol table info available.
#4  0x00007ff8921c5066 in cygwin1!.assert () from /usr/bin/cygwin1.dll
No symbol table info available.
#5  0x00007ff8921c5c86 in cygwin1!.assert () from /usr/bin/cygwin1.dll
No symbol table info available.
#6  0x00007ff8921c5d34 in cygwin1!.assert () from /usr/bin/cygwin1.dll
No symbol table info available.
#7  0x00007ff8fa68257d in KERNEL32!BaseThreadInitThunk () from /cygdrive/c/WINDOWS/System32/KERNEL32.DLL
No symbol table info available.
#8  0x00007ff8fb5caa58 in ntdll!RtlUserThreadStart () from /cygdrive/c/WINDOWS/SYSTEM32/ntdll.dll
No symbol table info available.
#9  0x0000000000000000 in ?? ()
No symbol table info available.
Backtrace stopped: previous frame inner to this frame (corrupt stack?)

Thread 1 (Thread 17692.0x36f4):
#0  0x00007ff8fb60fec4 in ntdll!ZwWaitForMultipleObjects () from /cygdrive/c/WINDOWS/SYSTEM32/ntdll.dll
No symbol table info available.
#1  0x00007ff8f8f6ffc9 in WaitForMultipleObjectsEx () from /cygdrive/c/WINDOWS/System32/KERNELBASE.dll
No symbol table info available.
#2  0x00007ff8f8f6fece in WaitForMultipleObjects () from /cygdrive/c/WINDOWS/System32/KERNELBASE.dll
No symbol table info available.
#3  0x00007ff8921c5e8a in cygwin1!.assert () from /usr/bin/cygwin1.dll
No symbol table info available.
#4  0x00007ff89226c3df in cygwin1!cuserid () from /usr/bin/cygwin1.dll
No symbol table info available.
#5  0x00007ff892245331 in sigfillset () from /usr/bin/cygwin1.dll
No symbol table info available.
#6  0x00007ff892245ee9 in sigfillset () from /usr/bin/cygwin1.dll
No symbol table info available.
#7  0x00007ff8922464c5 in sigfillset () from /usr/bin/cygwin1.dll
No symbol table info available.
#8  0x00007ff892253e53 in umask () from /usr/bin/cygwin1.dll
No symbol table info available.
#9  0x00007ff892314a0b in timegm () from /usr/bin/cygwin1.dll
No symbol table info available.
#10 0x00000000006a0150 in ?? ()
No symbol table info available.
Backtrace stopped: previous frame inner to this frame (corrupt stack?)
A debugging session is active.

	Inferior 1 [process 17692] will be detached.

Quit anyway? (y or n) [answered Y; input not from terminal]
[Inferior 1 (process 17692) detached]
